# JRE version: OpenJDK Runtime Environment Temurin-21.0.10+7 (21.0.10+7) (build 21.0.10+7-LTS)
# Java VM: OpenJDK 64-Bit Server VM Temurin-21.0.10+7 (21.0.10+7-LTS, mixed mode, sharing, tiered, compressed oops, compressed class ptrs, parallel gc, windows-amd64)
GC Precious Log:
 CardTable entry size: 512
 CPUs: 4 total, 4 available
 Memory: 3908M
 Large Page Support: Disabled
 NUMA Support: Disabled
 Compressed Oops: Enabled (32-bit)
 Alignments: Space 512K, Generation 512K, Heap 2M
 Heap Min Capacity: 100M
 Heap Initial Capacity: 100M
 Heap Max Capacity: 2G
 Pre-touch: Disabled
 Parallel Workers: 4
Heap:
 PSYoungGen      total 23040K, used 21719K [0x00000000d5580000, 0x00000000d7680000, 0x0000000100000000)
  eden space 22016K, 94% used [0x00000000d5580000,0x00000000d69ba968,0x00000000d6b00000)
  from space 1024K, 98% used [0x00000000d7580000,0x00000000d767b368,0x00000000d7680000)
  to   space 1536K, 0% used [0x00000000d7380000,0x00000000d7380000,0x00000000d7500000)
 ParOldGen       total 68608K, used 33197K [0x0000000080000000, 0x0000000084300000, 0x00000000d5580000)
  object space 68608K, 48% used [0x0000000080000000,0x000000008206b7c0,0x0000000084300000)
 Metaspace       used 41214K, committed 42112K, reserved 1114112K
  class space    used 4112K, committed 4480K, reserved 1048576K
GC Heap History (20 events):
Event: 5834.596 GC heap before
{Heap before GC invocations=15 (full 2):
 PSYoungGen      total 23552K, used 22528K [0x00000000d5580000, 0x00000000d7300000, 0x0000000100000000)
  eden space 22528K, 100% used [0x00000000d5580000,0x00000000d6b80000,0x00000000d6b80000)
  from space 1024K, 0% used [0x00000000d7200000,0x00000000d7200000,0x00000000d7300000)
  to   space 1536K, 0% used [0x00000000d7000000,0x00000000d7000000,0x00000000d7180000)
 ParOldGen       total 68608K, used 15179K [0x0000000080000000, 0x0000000084300000, 0x00000000d5580000)
  object space 68608K, 22% used [0x0000000080000000,0x0000000080ed2fb8,0x0000000084300000)
 Metaspace       used 35152K, committed 36032K, reserved 1114112K
  class space    used 3478K, committed 3904K, reserved 1048576K
}
Event: 5834.607 GC heap after
{Heap after GC invocations=15 (full 2):
 PSYoungGen      total 23552K, used 1536K [0x00000000d5580000, 0x00000000d7280000, 0x0000000100000000)
  eden space 22016K, 0% used [0x00000000d5580000,0x00000000d5580000,0x00000000d6b00000)
  from space 1536K, 100% used [0x00000000d7000000,0x00000000d7180000,0x00000000d7180000)
  to   space 1024K, 0% used [0x00000000d7180000,0x00000000d7180000,0x00000000d7280000)
 ParOldGen       total 68608K, used 15843K [0x0000000080000000, 0x0000000084300000, 0x00000000d5580000)
  object space 68608K, 23% used [0x0000000080000000,0x0000000080f78fc8,0x0000000084300000)
 Metaspace       used 35152K, committed 36032K, reserved 1114112K
  class space    used 3478K, committed 3904K, reserved 1048576K
}
Event: 5834.998 GC heap before
{Heap before GC invocations=16 (full 2):
 PSYoungGen      total 23552K, used 23552K [0x00000000d5580000, 0x00000000d7280000, 0x0000000100000000)
  eden space 22016K, 100% used [0x00000000d5580000,0x00000000d6b00000,0x00000000d6b00000)
  from space 1536K, 100% used [0x00000000d7000000,0x00000000d7180000,0x00000000d7180000)
  to   space 1024K, 0% used [0x00000000d7180000,0x00000000d7180000,0x00000000d7280000)
 ParOldGen       total 68608K, used 15843K [0x0000000080000000, 0x0000000084300000, 0x00000000d5580000)
  object space 68608K, 23% used [0x0000000080000000,0x0000000080f78fc8,0x0000000084300000)
 Metaspace       used 35532K, committed 36352K, reserved 1114112K
  class space    used 3536K, committed 3904K, reserved 1048576K
}
Event: 5835.030 GC heap after
{Heap after GC invocations=16 (full 2):
 PSYoungGen      total 23040K, used 994K [0x00000000d5580000, 0x00000000d7300000, 0x0000000100000000)
  eden space 22016K, 0% used [0x00000000d5580000,0x00000000d5580000,0x00000000d6b00000)
  from space 1024K, 97% used [0x00000000d7180000,0x00000000d7278810,0x00000000d7280000)
  to   space 4096K, 0% used [0x00000000d6b00000,0x00000000d6b00000,0x00000000d6f00000)
 ParOldGen       total 68608K, used 18475K [0x0000000080000000, 0x0000000084300000, 0x00000000d5580000)
  object space 68608K, 26% used [0x0000000080000000,0x000000008120aff8,0x0000000084300000)
 Metaspace       used 35532K, committed 36352K, reserved 1114112K
  class space    used 3536K, committed 3904K, reserved 1048576K
}
Event: 5835.125 GC heap before
{Heap before GC invocations=17 (full 2):
 PSYoungGen      total 23040K, used 23010K [0x00000000d5580000, 0x00000000d7300000, 0x0000000100000000)
  eden space 22016K, 100% used [0x00000000d5580000,0x00000000d6b00000,0x00000000d6b00000)
  from space 1024K, 97% used [0x00000000d7180000,0x00000000d7278810,0x00000000d7280000)
  to   space 4096K, 0% used [0x00000000d6b00000,0x00000000d6b00000,0x00000000d6f00000)
 ParOldGen       total 68608K, used 18475K [0x0000000080000000, 0x0000000084300000, 0x00000000d5580000)
  object space 68608K, 26% used [0x0000000080000000,0x000000008120aff8,0x0000000084300000)
 Metaspace       used 35534K, committed 36352K, reserved 1114112K
  class space    used 3536K, committed 3904K, reserved 1048576K
}
Event: 5835.481 GC heap after
{Heap after GC invocations=17 (full 2):
 PSYoungGen      total 26112K, used 2304K [0x00000000d5580000, 0x00000000d7e00000, 0x0000000100000000)
  eden space 22016K, 0% used [0x00000000d5580000,0x00000000d5580000,0x00000000d6b00000)
  from space 4096K, 56% used [0x00000000d6b00000,0x00000000d6d40010,0x00000000d6f00000)
  to   space 3072K, 0% used [0x00000000d7b00000,0x00000000d7b00000,0x00000000d7e00000)
 ParOldGen       total 68608K, used 19490K [0x0000000080000000, 0x0000000084300000, 0x00000000d5580000)
  object space 68608K, 28% used [0x0000000080000000,0x0000000081308918,0x0000000084300000)
 Metaspace       used 35534K, committed 36352K, reserved 1114112K
  class space    used 3536K, committed 3904K, reserved 1048576K
}
Event: 5835.609 GC heap before
{Heap before GC invocations=18 (full 2):
 PSYoungGen      total 26112K, used 24320K [0x00000000d5580000, 0x00000000d7e00000, 0x0000000100000000)
  eden space 22016K, 100% used [0x00000000d5580000,0x00000000d6b00000,0x00000000d6b00000)
  from space 4096K, 56% used [0x00000000d6b00000,0x00000000d6d40010,0x00000000d6f00000)
  to   space 3072K, 0% used [0x00000000d7b00000,0x00000000d7b00000,0x00000000d7e00000)
 ParOldGen       total 68608K, used 19490K [0x0000000080000000, 0x0000000084300000, 0x00000000d5580000)
  object space 68608K, 28% used [0x0000000080000000,0x0000000081308918,0x0000000084300000)
 Metaspace       used 35548K, committed 36352K, reserved 1114112K
  class space    used 3536K, committed 3904K, reserved 1048576K
}
Event: 5835.620 GC heap after
{Heap after GC invocations=18 (full 2):
 PSYoungGen      total 24064K, used 1924K [0x00000000d5580000, 0x00000000d7d00000, 0x0000000100000000)
  eden space 22016K, 0% used [0x00000000d5580000,0x00000000d5580000,0x00000000d6b00000)
  from space 2048K, 93% used [0x00000000d7b00000,0x00000000d7ce1000,0x00000000d7d00000)
  to   space 2560K, 0% used [0x00000000d7800000,0x00000000d7800000,0x00000000d7a80000)
 ParOldGen       total 68608K, used 21712K [0x0000000080000000, 0x0000000084300000, 0x00000000d5580000)
  object space 68608K, 31% used [0x0000000080000000,0x00000000815342d8,0x0000000084300000)
 Metaspace       used 35548K, committed 36352K, reserved 1114112K
  class space    used 3536K, committed 3904K, reserved 1048576K
}
Event: 5835.712 GC heap before
{Heap before GC invocations=19 (full 2):
 PSYoungGen      total 24064K, used 23940K [0x00000000d5580000, 0x00000000d7d00000, 0x0000000100000000)
  eden space 22016K, 100% used [0x00000000d5580000,0x00000000d6b00000,0x00000000d6b00000)
  from space 2048K, 93% used [0x00000000d7b00000,0x00000000d7ce1000,0x00000000d7d00000)
  to   space 2560K, 0% used [0x00000000d7800000,0x00000000d7800000,0x00000000d7a80000)
 ParOldGen       total 68608K, used 21712K [0x0000000080000000, 0x0000000084300000, 0x00000000d5580000)
  object space 68608K, 31% used [0x0000000080000000,0x00000000815342d8,0x0000000084300000)
 Metaspace       used 35559K, committed 36352K, reserved 1114112K
  class space    used 3537K, committed 3904K, reserved 1048576K
}
Event: 5835.721 GC heap after
{Heap after GC invocations=19 (full 2):
 PSYoungGen      total 24576K, used 2112K [0x00000000d5580000, 0x00000000d7b80000, 0x0000000100000000)
  eden space 22016K, 0% used [0x00000000d5580000,0x00000000d5580000,0x00000000d6b00000)
  from space 2560K, 82% used [0x00000000d7800000,0x00000000d7a10010,0x00000000d7a80000)
  to   space 1024K, 0% used [0x00000000d7a80000,0x00000000d7a80000,0x00000000d7b80000)
 ParOldGen       total 68608K, used 23638K [0x0000000080000000, 0x0000000084300000, 0x00000000d5580000)
  object space 68608K, 34% used [0x0000000080000000,0x0000000081715900,0x0000000084300000)
 Metaspace       used 35559K, committed 36352K, reserved 1114112K
  class space    used 3537K, committed 3904K, reserved 1048576K
}
Event: 5835.835 GC heap before
{Heap before GC invocations=20 (full 2):
 PSYoungGen      total 24576K, used 24128K [0x00000000d5580000, 0x00000000d7b80000, 0x0000000100000000)
  eden space 22016K, 100% used [0x00000000d5580000,0x00000000d6b00000,0x00000000d6b00000)
  from space 2560K, 82% used [0x00000000d7800000,0x00000000d7a10010,0x00000000d7a80000)
  to   space 1024K, 0% used [0x00000000d7a80000,0x00000000d7a80000,0x00000000d7b80000)
 ParOldGen       total 68608K, used 23638K [0x0000000080000000, 0x0000000084300000, 0x00000000d5580000)
  object space 68608K, 34% used [0x0000000080000000,0x0000000081715900,0x0000000084300000)
 Metaspace       used 35606K, committed 36352K, reserved 1114112K
  class space    used 3540K, committed 3904K, reserved 1048576K
}
Event: 5835.847 GC heap after
{Heap after GC invocations=20 (full 2):
 PSYoungGen      total 23040K, used 1016K [0x00000000d5580000, 0x00000000d7b80000, 0x0000000100000000)
  eden space 22016K, 0% used [0x00000000d5580000,0x00000000d5580000,0x00000000d6b00000)
  from space 1024K, 99% used [0x00000000d7a80000,0x00000000d7b7e200,0x00000000d7b80000)
  to   space 4608K, 0% used [0x00000000d7280000,0x00000000d7280000,0x00000000d7700000)
 ParOldGen       total 68608K, used 26510K [0x0000000080000000, 0x0000000084300000, 0x00000000d5580000)
  object space 68608K, 38% used [0x0000000080000000,0x00000000819e3910,0x0000000084300000)
 Metaspace       used 35606K, committed 36352K, reserved 1114112K
  class space    used 3540K, committed 3904K, reserved 1048576K
}
Event: 5836.358 GC heap before
{Heap before GC invocations=21 (full 2):
 PSYoungGen      total 23040K, used 23032K [0x00000000d5580000, 0x00000000d7b80000, 0x0000000100000000)
  eden space 22016K, 100% used [0x00000000d5580000,0x00000000d6b00000,0x00000000d6b00000)
  from space 1024K, 99% used [0x00000000d7a80000,0x00000000d7b7e200,0x00000000d7b80000)
  to   space 4608K, 0% used [0x00000000d7280000,0x00000000d7280000,0x00000000d7700000)
 ParOldGen       total 68608K, used 26510K [0x0000000080000000, 0x0000000084300000, 0x00000000d5580000)
  object space 68608K, 38% used [0x0000000080000000,0x00000000819e3910,0x0000000084300000)
 Metaspace       used 36246K, committed 37120K, reserved 1114112K
  class space    used 3585K, committed 3968K, reserved 1048576K
}
Event: 5836.369 GC heap after
{Heap after GC invocations=21 (full 2):
 PSYoungGen      total 26624K, used 4386K [0x00000000d5580000, 0x00000000d7b00000, 0x0000000100000000)
  eden space 22016K, 0% used [0x00000000d5580000,0x00000000d5580000,0x00000000d6b00000)
  from space 4608K, 95% used [0x00000000d7280000,0x00000000d76c8b10,0x00000000d7700000)
  to   space 4096K, 0% used [0x00000000d7700000,0x00000000d7700000,0x00000000d7b00000)
 ParOldGen       total 68608K, used 27526K [0x0000000080000000, 0x0000000084300000, 0x00000000d5580000)
  object space 68608K, 40% used [0x0000000080000000,0x0000000081ae1b10,0x0000000084300000)
 Metaspace       used 36246K, committed 37120K, reserved 1114112K
  class space    used 3585K, committed 3968K, reserved 1048576K
}
Event: 5837.685 GC heap before
{Heap before GC invocations=22 (full 2):
 PSYoungGen      total 26624K, used 26402K [0x00000000d5580000, 0x00000000d7b00000, 0x0000000100000000)
  eden space 22016K, 100% used [0x00000000d5580000,0x00000000d6b00000,0x00000000d6b00000)
  from space 4608K, 95% used [0x00000000d7280000,0x00000000d76c8b10,0x00000000d7700000)
  to   space 4096K, 0% used [0x00000000d7700000,0x00000000d7700000,0x00000000d7b00000)
 ParOldGen       total 68608K, used 27526K [0x0000000080000000, 0x0000000084300000, 0x00000000d5580000)
  object space 68608K, 40% used [0x0000000080000000,0x0000000081ae1b10,0x0000000084300000)
 Metaspace       used 37639K, committed 38528K, reserved 1114112K
  class space    used 3746K, committed 4160K, reserved 1048576K
}
Event: 5837.694 GC heap after
{Heap after GC invocations=22 (full 2):
 PSYoungGen      total 23040K, used 832K [0x00000000d5580000, 0x00000000d7800000, 0x0000000100000000)
  eden space 22016K, 0% used [0x00000000d5580000,0x00000000d5580000,0x00000000d6b00000)
  from space 1024K, 81% used [0x00000000d7700000,0x00000000d77d0010,0x00000000d7800000)
  to   space 2560K, 0% used [0x00000000d7300000,0x00000000d7300000,0x00000000d7580000)
 ParOldGen       total 68608K, used 31820K [0x0000000080000000, 0x0000000084300000, 0x00000000d5580000)
  object space 68608K, 46% used [0x0000000080000000,0x0000000081f13060,0x0000000084300000)
 Metaspace       used 37639K, committed 38528K, reserved 1114112K
  class space    used 3746K, committed 4160K, reserved 1048576K
}
Event: 5838.038 GC heap before
{Heap before GC invocations=23 (full 2):
 PSYoungGen      total 23040K, used 22848K [0x00000000d5580000, 0x00000000d7800000, 0x0000000100000000)
  eden space 22016K, 100% used [0x00000000d5580000,0x00000000d6b00000,0x00000000d6b00000)
  from space 1024K, 81% used [0x00000000d7700000,0x00000000d77d0010,0x00000000d7800000)
  to   space 2560K, 0% used [0x00000000d7300000,0x00000000d7300000,0x00000000d7580000)
 ParOldGen       total 68608K, used 31820K [0x0000000080000000, 0x0000000084300000, 0x00000000d5580000)
  object space 68608K, 46% used [0x0000000080000000,0x0000000081f13060,0x0000000084300000)
 Metaspace       used 38380K, committed 39168K, reserved 1114112K
  class space    used 3803K, committed 4160K, reserved 1048576K
}
Event: 5838.042 GC heap after
{Heap after GC invocations=23 (full 2):
 PSYoungGen      total 24576K, used 1430K [0x00000000d5580000, 0x00000000d7780000, 0x0000000100000000)
  eden space 22016K, 0% used [0x00000000d5580000,0x00000000d5580000,0x00000000d6b00000)
  from space 2560K, 55% used [0x00000000d7300000,0x00000000d7465990,0x00000000d7580000)
  to   space 2048K, 0% used [0x00000000d7580000,0x00000000d7580000,0x00000000d7780000)
 ParOldGen       total 68608K, used 32489K [0x0000000080000000, 0x0000000084300000, 0x00000000d5580000)
  object space 68608K, 47% used [0x0000000080000000,0x0000000081fba648,0x0000000084300000)
 Metaspace       used 38380K, committed 39168K, reserved 1114112K
  class space    used 3803K, committed 4160K, reserved 1048576K
}
Event: 5838.133 GC heap before
{Heap before GC invocations=24 (full 2):
 PSYoungGen      total 24576K, used 23446K [0x00000000d5580000, 0x00000000d7780000, 0x0000000100000000)
  eden space 22016K, 100% used [0x00000000d5580000,0x00000000d6b00000,0x00000000d6b00000)
  from space 2560K, 55% used [0x00000000d7300000,0x00000000d7465990,0x00000000d7580000)
  to   space 2048K, 0% used [0x00000000d7580000,0x00000000d7580000,0x00000000d7780000)
 ParOldGen       total 68608K, used 32489K [0x0000000080000000, 0x0000000084300000, 0x00000000d5580000)
  object space 68608K, 47% used [0x0000000080000000,0x0000000081fba648,0x0000000084300000)
 Metaspace       used 38398K, committed 39232K, reserved 1114112K
  class space    used 3803K, committed 4160K, reserved 1048576K
}
Event: 5838.135 GC heap after
{Heap after GC invocations=24 (full 2):
 PSYoungGen      total 23040K, used 1004K [0x00000000d5580000, 0x00000000d7680000, 0x0000000100000000)
  eden space 22016K, 0% used [0x00000000d5580000,0x00000000d5580000,0x00000000d6b00000)
  from space 1024K, 98% used [0x00000000d7580000,0x00000000d767b368,0x00000000d7680000)
  to   space 1536K, 0% used [0x00000000d7380000,0x00000000d7380000,0x00000000d7500000)
 ParOldGen       total 68608K, used 33197K [0x0000000080000000, 0x0000000084300000, 0x00000000d5580000)
  object space 68608K, 48% used [0x0000000080000000,0x000000008206b7c0,0x0000000084300000)
 Metaspace       used 38398K, committed 39232K, reserved 1114112K
  class space    used 3803K, committed 4160K, reserved 1048576K
}

