# JRE version: OpenJDK Runtime Environment Temurin-21.0.10+7 (21.0.10+7) (build 21.0.10+7-LTS)
# Java VM: OpenJDK 64-Bit Server VM Temurin-21.0.10+7 (21.0.10+7-LTS, mixed mode, sharing, tiered, compressed oops, compressed class ptrs, parallel gc, windows-amd64)
GC Precious Log:
 CardTable entry size: 512
 CPUs: 4 total, 4 available
 Memory: 3908M
 Large Page Support: Disabled
 NUMA Support: Disabled
 Compressed Oops: Enabled (32-bit)
 Alignments: Space 512K, Generation 512K, Heap 2M
 Heap Min Capacity: 100M
 Heap Initial Capacity: 100M
 Heap Max Capacity: 2G
 Pre-touch: Disabled
 Parallel Workers: 4
Heap:
 PSYoungGen      total 2048K, used 713K [0x00000000d5580000, 0x00000000d5880000, 0x0000000100000000)
  eden space 1536K, 44% used [0x00000000d5580000,0x00000000d562a5a8,0x00000000d5700000)
  from space 512K, 6% used [0x00000000d5780000,0x00000000d5788000,0x00000000d5800000)
  to   space 512K, 0% used [0x00000000d5800000,0x00000000d5800000,0x00000000d5880000)
 ParOldGen       total 210944K, used 210541K [0x0000000080000000, 0x000000008ce00000, 0x00000000d5580000)
  object space 210944K, 99% used [0x0000000080000000,0x000000008cd9b788,0x000000008ce00000)
 Metaspace       used 49266K, committed 50880K, reserved 1114112K
  class space    used 6200K, committed 6976K, reserved 1048576K
GC Heap History (20 events):
Event: 6650.928 GC heap before
{Heap before GC invocations=484 (full 2):
 PSYoungGen      total 2048K, used 1664K [0x00000000d5580000, 0x00000000d5880000, 0x0000000100000000)
  eden space 1536K, 100% used [0x00000000d5580000,0x00000000d5700000,0x00000000d5700000)
  from space 512K, 25% used [0x00000000d5780000,0x00000000d57a0000,0x00000000d5800000)
  to   space 512K, 0% used [0x00000000d5800000,0x00000000d5800000,0x00000000d5880000)
 ParOldGen       total 210432K, used 210429K [0x0000000080000000, 0x000000008cd80000, 0x00000000d5580000)
  object space 210432K, 99% used [0x0000000080000000,0x000000008cd7f788,0x000000008cd80000)
 Metaspace       used 49222K, committed 50816K, reserved 1114112K
  class space    used 6200K, committed 6976K, reserved 1048576K
}
Event: 6651.056 GC heap after
{Heap after GC invocations=484 (full 2):
 PSYoungGen      total 2048K, used 128K [0x00000000d5580000, 0x00000000d5880000, 0x0000000100000000)
  eden space 1536K, 0% used [0x00000000d5580000,0x00000000d5580000,0x00000000d5700000)
  from space 512K, 25% used [0x00000000d5800000,0x00000000d5820000,0x00000000d5880000)
  to   space 512K, 0% used [0x00000000d5780000,0x00000000d5780000,0x00000000d5800000)
 ParOldGen       total 210944K, used 210453K [0x0000000080000000, 0x000000008ce00000, 0x00000000d5580000)
  object space 210944K, 99% used [0x0000000080000000,0x000000008cd85788,0x000000008ce00000)
 Metaspace       used 49222K, committed 50816K, reserved 1114112K
  class space    used 6200K, committed 6976K, reserved 1048576K
}
Event: 13462.944 GC heap before
{Heap before GC invocations=485 (full 2):
 PSYoungGen      total 2048K, used 1664K [0x00000000d5580000, 0x00000000d5880000, 0x0000000100000000)
  eden space 1536K, 100% used [0x00000000d5580000,0x00000000d5700000,0x00000000d5700000)
  from space 512K, 25% used [0x00000000d5800000,0x00000000d5820000,0x00000000d5880000)
  to   space 512K, 0% used [0x00000000d5780000,0x00000000d5780000,0x00000000d5800000)
 ParOldGen       total 210944K, used 210453K [0x0000000080000000, 0x000000008ce00000, 0x00000000d5580000)
  object space 210944K, 99% used [0x0000000080000000,0x000000008cd85788,0x000000008ce00000)
 Metaspace       used 49229K, committed 50880K, reserved 1114112K
  class space    used 6200K, committed 6976K, reserved 1048576K
}
Event: 13463.107 GC heap after
{Heap after GC invocations=485 (full 2):
 PSYoungGen      total 2048K, used 96K [0x00000000d5580000, 0x00000000d5880000, 0x0000000100000000)
  eden space 1536K, 0% used [0x00000000d5580000,0x00000000d5580000,0x00000000d5700000)
  from space 512K, 18% used [0x00000000d5780000,0x00000000d5798000,0x00000000d5800000)
  to   space 512K, 0% used [0x00000000d5800000,0x00000000d5800000,0x00000000d5880000)
 ParOldGen       total 210944K, used 210469K [0x0000000080000000, 0x000000008ce00000, 0x00000000d5580000)
  object space 210944K, 99% used [0x0000000080000000,0x000000008cd89788,0x000000008ce00000)
 Metaspace       used 49229K, committed 50880K, reserved 1114112K
  class space    used 6200K, committed 6976K, reserved 1048576K
}
Event: 20041.790 GC heap before
{Heap before GC invocations=486 (full 2):
 PSYoungGen      total 2048K, used 1632K [0x00000000d5580000, 0x00000000d5880000, 0x0000000100000000)
  eden space 1536K, 100% used [0x00000000d5580000,0x00000000d5700000,0x00000000d5700000)
  from space 512K, 18% used [0x00000000d5780000,0x00000000d5798000,0x00000000d5800000)
  to   space 512K, 0% used [0x00000000d5800000,0x00000000d5800000,0x00000000d5880000)
 ParOldGen       total 210944K, used 210469K [0x0000000080000000, 0x000000008ce00000, 0x00000000d5580000)
  object space 210944K, 99% used [0x0000000080000000,0x000000008cd89788,0x000000008ce00000)
 Metaspace       used 49264K, committed 50880K, reserved 1114112K
  class space    used 6200K, committed 6976K, reserved 1048576K
}
Event: 20041.959 GC heap after
{Heap after GC invocations=486 (full 2):
 PSYoungGen      total 2048K, used 128K [0x00000000d5580000, 0x00000000d5880000, 0x0000000100000000)
  eden space 1536K, 0% used [0x00000000d5580000,0x00000000d5580000,0x00000000d5700000)
  from space 512K, 25% used [0x00000000d5800000,0x00000000d5820000,0x00000000d5880000)
  to   space 512K, 0% used [0x00000000d5780000,0x00000000d5780000,0x00000000d5800000)
 ParOldGen       total 210944K, used 210477K [0x0000000080000000, 0x000000008ce00000, 0x00000000d5580000)
  object space 210944K, 99% used [0x0000000080000000,0x000000008cd8b788,0x000000008ce00000)
 Metaspace       used 49264K, committed 50880K, reserved 1114112K
  class space    used 6200K, committed 6976K, reserved 1048576K
}
Event: 40761.691 GC heap before
{Heap before GC invocations=487 (full 2):
 PSYoungGen      total 2048K, used 1664K [0x00000000d5580000, 0x00000000d5880000, 0x0000000100000000)
  eden space 1536K, 100% used [0x00000000d5580000,0x00000000d5700000,0x00000000d5700000)
  from space 512K, 25% used [0x00000000d5800000,0x00000000d5820000,0x00000000d5880000)
  to   space 512K, 0% used [0x00000000d5780000,0x00000000d5780000,0x00000000d5800000)
 ParOldGen       total 210944K, used 210477K [0x0000000080000000, 0x000000008ce00000, 0x00000000d5580000)
  object space 210944K, 99% used [0x0000000080000000,0x000000008cd8b788,0x000000008ce00000)
 Metaspace       used 49264K, committed 50880K, reserved 1114112K
  class space    used 6200K, committed 6976K, reserved 1048576K
}
Event: 40762.149 GC heap after
{Heap after GC invocations=487 (full 2):
 PSYoungGen      total 2048K, used 96K [0x00000000d5580000, 0x00000000d5880000, 0x0000000100000000)
  eden space 1536K, 0% used [0x00000000d5580000,0x00000000d5580000,0x00000000d5700000)
  from space 512K, 18% used [0x00000000d5780000,0x00000000d5798000,0x00000000d5800000)
  to   space 512K, 0% used [0x00000000d5800000,0x00000000d5800000,0x00000000d5880000)
 ParOldGen       total 210944K, used 210477K [0x0000000080000000, 0x000000008ce00000, 0x00000000d5580000)
  object space 210944K, 99% used [0x0000000080000000,0x000000008cd8b788,0x000000008ce00000)
 Metaspace       used 49264K, committed 50880K, reserved 1114112K
  class space    used 6200K, committed 6976K, reserved 1048576K
}
Event: 40762.990 GC heap before
{Heap before GC invocations=488 (full 2):
 PSYoungGen      total 2048K, used 1632K [0x00000000d5580000, 0x00000000d5880000, 0x0000000100000000)
  eden space 1536K, 100% used [0x00000000d5580000,0x00000000d5700000,0x00000000d5700000)
  from space 512K, 18% used [0x00000000d5780000,0x00000000d5798000,0x00000000d5800000)
  to   space 512K, 0% used [0x00000000d5800000,0x00000000d5800000,0x00000000d5880000)
 ParOldGen       total 210944K, used 210477K [0x0000000080000000, 0x000000008ce00000, 0x00000000d5580000)
  object space 210944K, 99% used [0x0000000080000000,0x000000008cd8b788,0x000000008ce00000)
 Metaspace       used 49264K, committed 50880K, reserved 1114112K
  class space    used 6200K, committed 6976K, reserved 1048576K
}
Event: 40763.002 GC heap after
{Heap after GC invocations=488 (full 2):
 PSYoungGen      total 2048K, used 32K [0x00000000d5580000, 0x00000000d5880000, 0x0000000100000000)
  eden space 1536K, 0% used [0x00000000d5580000,0x00000000d5580000,0x00000000d5700000)
  from space 512K, 6% used [0x00000000d5800000,0x00000000d5808000,0x00000000d5880000)
  to   space 512K, 0% used [0x00000000d5780000,0x00000000d5780000,0x00000000d5800000)
 ParOldGen       total 210944K, used 210493K [0x0000000080000000, 0x000000008ce00000, 0x00000000d5580000)
  object space 210944K, 99% used [0x0000000080000000,0x000000008cd8f788,0x000000008ce00000)
 Metaspace       used 49264K, committed 50880K, reserved 1114112K
  class space    used 6200K, committed 6976K, reserved 1048576K
}
Event: 49219.053 GC heap before
{Heap before GC invocations=489 (full 2):
 PSYoungGen      total 2048K, used 1568K [0x00000000d5580000, 0x00000000d5880000, 0x0000000100000000)
  eden space 1536K, 100% used [0x00000000d5580000,0x00000000d5700000,0x00000000d5700000)
  from space 512K, 6% used [0x00000000d5800000,0x00000000d5808000,0x00000000d5880000)
  to   space 512K, 0% used [0x00000000d5780000,0x00000000d5780000,0x00000000d5800000)
 ParOldGen       total 210944K, used 210493K [0x0000000080000000, 0x000000008ce00000, 0x00000000d5580000)
  object space 210944K, 99% used [0x0000000080000000,0x000000008cd8f788,0x000000008ce00000)
 Metaspace       used 49264K, committed 50880K, reserved 1114112K
  class space    used 6200K, committed 6976K, reserved 1048576K
}
Event: 49219.875 GC heap after
{Heap after GC invocations=489 (full 2):
 PSYoungGen      total 2048K, used 128K [0x00000000d5580000, 0x00000000d5880000, 0x0000000100000000)
  eden space 1536K, 0% used [0x00000000d5580000,0x00000000d5580000,0x00000000d5700000)
  from space 512K, 25% used [0x00000000d5780000,0x00000000d57a0000,0x00000000d5800000)
  to   space 512K, 0% used [0x00000000d5800000,0x00000000d5800000,0x00000000d5880000)
 ParOldGen       total 210944K, used 210493K [0x0000000080000000, 0x000000008ce00000, 0x00000000d5580000)
  object space 210944K, 99% used [0x0000000080000000,0x000000008cd8f788,0x000000008ce00000)
 Metaspace       used 49264K, committed 50880K, reserved 1114112K
  class space    used 6200K, committed 6976K, reserved 1048576K
}
Event: 83351.773 GC heap before
{Heap before GC invocations=490 (full 2):
 PSYoungGen      total 2048K, used 1664K [0x00000000d5580000, 0x00000000d5880000, 0x0000000100000000)
  eden space 1536K, 100% used [0x00000000d5580000,0x00000000d5700000,0x00000000d5700000)
  from space 512K, 25% used [0x00000000d5780000,0x00000000d57a0000,0x00000000d5800000)
  to   space 512K, 0% used [0x00000000d5800000,0x00000000d5800000,0x00000000d5880000)
 ParOldGen       total 210944K, used 210493K [0x0000000080000000, 0x000000008ce00000, 0x00000000d5580000)
  object space 210944K, 99% used [0x0000000080000000,0x000000008cd8f788,0x000000008ce00000)
 Metaspace       used 49264K, committed 50880K, reserved 1114112K
  class space    used 6200K, committed 6976K, reserved 1048576K
}
Event: 83352.690 GC heap after
{Heap after GC invocations=490 (full 2):
 PSYoungGen      total 2048K, used 64K [0x00000000d5580000, 0x00000000d5880000, 0x0000000100000000)
  eden space 1536K, 0% used [0x00000000d5580000,0x00000000d5580000,0x00000000d5700000)
  from space 512K, 12% used [0x00000000d5800000,0x00000000d5810000,0x00000000d5880000)
  to   space 512K, 0% used [0x00000000d5780000,0x00000000d5780000,0x00000000d5800000)
 ParOldGen       total 210944K, used 210509K [0x0000000080000000, 0x000000008ce00000, 0x00000000d5580000)
  object space 210944K, 99% used [0x0000000080000000,0x000000008cd93788,0x000000008ce00000)
 Metaspace       used 49264K, committed 50880K, reserved 1114112K
  class space    used 6200K, committed 6976K, reserved 1048576K
}
Event: 83356.426 GC heap before
{Heap before GC invocations=491 (full 2):
 PSYoungGen      total 2048K, used 1600K [0x00000000d5580000, 0x00000000d5880000, 0x0000000100000000)
  eden space 1536K, 100% used [0x00000000d5580000,0x00000000d5700000,0x00000000d5700000)
  from space 512K, 12% used [0x00000000d5800000,0x00000000d5810000,0x00000000d5880000)
  to   space 512K, 0% used [0x00000000d5780000,0x00000000d5780000,0x00000000d5800000)
 ParOldGen       total 210944K, used 210509K [0x0000000080000000, 0x000000008ce00000, 0x00000000d5580000)
  object space 210944K, 99% used [0x0000000080000000,0x000000008cd93788,0x000000008ce00000)
 Metaspace       used 49266K, committed 50880K, reserved 1114112K
  class space    used 6200K, committed 6976K, reserved 1048576K
}
Event: 83356.444 GC heap after
{Heap after GC invocations=491 (full 2):
 PSYoungGen      total 2048K, used 96K [0x00000000d5580000, 0x00000000d5880000, 0x0000000100000000)
  eden space 1536K, 0% used [0x00000000d5580000,0x00000000d5580000,0x00000000d5700000)
  from space 512K, 18% used [0x00000000d5780000,0x00000000d5798000,0x00000000d5800000)
  to   space 512K, 0% used [0x00000000d5800000,0x00000000d5800000,0x00000000d5880000)
 ParOldGen       total 210944K, used 210517K [0x0000000080000000, 0x000000008ce00000, 0x00000000d5580000)
  object space 210944K, 99% used [0x0000000080000000,0x000000008cd95788,0x000000008ce00000)
 Metaspace       used 49266K, committed 50880K, reserved 1114112K
  class space    used 6200K, committed 6976K, reserved 1048576K
}
Event: 83357.715 GC heap before
{Heap before GC invocations=492 (full 2):
 PSYoungGen      total 2048K, used 1632K [0x00000000d5580000, 0x00000000d5880000, 0x0000000100000000)
  eden space 1536K, 100% used [0x00000000d5580000,0x00000000d5700000,0x00000000d5700000)
  from space 512K, 18% used [0x00000000d5780000,0x00000000d5798000,0x00000000d5800000)
  to   space 512K, 0% used [0x00000000d5800000,0x00000000d5800000,0x00000000d5880000)
 ParOldGen       total 210944K, used 210517K [0x0000000080000000, 0x000000008ce00000, 0x00000000d5580000)
  object space 210944K, 99% used [0x0000000080000000,0x000000008cd95788,0x000000008ce00000)
 Metaspace       used 49266K, committed 50880K, reserved 1114112K
  class space    used 6200K, committed 6976K, reserved 1048576K
}
Event: 83357.738 GC heap after
{Heap after GC invocations=492 (full 2):
 PSYoungGen      total 2048K, used 32K [0x00000000d5580000, 0x00000000d5880000, 0x0000000100000000)
  eden space 1536K, 0% used [0x00000000d5580000,0x00000000d5580000,0x00000000d5700000)
  from space 512K, 6% used [0x00000000d5800000,0x00000000d5808000,0x00000000d5880000)
  to   space 512K, 0% used [0x00000000d5780000,0x00000000d5780000,0x00000000d5800000)
 ParOldGen       total 210944K, used 210533K [0x0000000080000000, 0x000000008ce00000, 0x00000000d5580000)
  object space 210944K, 99% used [0x0000000080000000,0x000000008cd99788,0x000000008ce00000)
 Metaspace       used 49266K, committed 50880K, reserved 1114112K
  class space    used 6200K, committed 6976K, reserved 1048576K
}
Event: 83358.750 GC heap before
{Heap before GC invocations=493 (full 2):
 PSYoungGen      total 2048K, used 1568K [0x00000000d5580000, 0x00000000d5880000, 0x0000000100000000)
  eden space 1536K, 100% used [0x00000000d5580000,0x00000000d5700000,0x00000000d5700000)
  from space 512K, 6% used [0x00000000d5800000,0x00000000d5808000,0x00000000d5880000)
  to   space 512K, 0% used [0x00000000d5780000,0x00000000d5780000,0x00000000d5800000)
 ParOldGen       total 210944K, used 210533K [0x0000000080000000, 0x000000008ce00000, 0x00000000d5580000)
  object space 210944K, 99% used [0x0000000080000000,0x000000008cd99788,0x000000008ce00000)
 Metaspace       used 49266K, committed 50880K, reserved 1114112K
  class space    used 6200K, committed 6976K, reserved 1048576K
}
Event: 83358.778 GC heap after
{Heap after GC invocations=493 (full 2):
 PSYoungGen      total 2048K, used 32K [0x00000000d5580000, 0x00000000d5880000, 0x0000000100000000)
  eden space 1536K, 0% used [0x00000000d5580000,0x00000000d5580000,0x00000000d5700000)
  from space 512K, 6% used [0x00000000d5780000,0x00000000d5788000,0x00000000d5800000)
  to   space 512K, 0% used [0x00000000d5800000,0x00000000d5800000,0x00000000d5880000)
 ParOldGen       total 210944K, used 210541K [0x0000000080000000, 0x000000008ce00000, 0x00000000d5580000)
  object space 210944K, 99% used [0x0000000080000000,0x000000008cd9b788,0x000000008ce00000)
 Metaspace       used 49266K, committed 50880K, reserved 1114112K
  class space    used 6200K, committed 6976K, reserved 1048576K
}

